生成启动时间为 2018/3/24 22:05:03。
     1>项目“D:\bit\code\LinearListS\LinearListS\LinearListS.vcxproj”在节点 2 上(Build 个目标)。
     1>ClCompile:
         D:\Microsoft Visual Studio 12.0\VC\bin\CL.exe /c /ZI /nologo /W3 /WX- /sdl /Od /Oy- /D _MBCS /Gm /EHsc /RTC1 /MDd /GS /fp:precise /Zc:wchar_t /Zc:forScope /Fo"Debug\\" /Fd"Debug\vc120.pdb" /Gd /TC /analyze- /errorReport:prompt LinearListS.c
         LinearListS.c
     1>d:\bit\code\linearlists\linearlists\linearlists.h(6): warning C4142: 类型的良性重定义
     1>d:\bit\code\linearlists\linearlists\linearlists.c(5): warning C4098: “InitList”:“void”函数返回值
     1>d:\bit\code\linearlists\linearlists\linearlists.c(16): warning C4098: “InputList”:“void”函数返回值
     1>d:\bit\code\linearlists\linearlists\linearlists.c(21): warning C4018: “<”: 有符号/无符号不匹配
     1>d:\bit\code\linearlists\linearlists\linearlists.c(29): warning C4098: “LinearListPushBack”:“void”函数返回值
     1>d:\bit\code\linearlists\linearlists\linearlists.c(33): warning C4098: “LinearListPushBack”:“void”函数返回值
     1>d:\bit\code\linearlists\linearlists\linearlists.c(41): warning C4098: “LinearListPopBack”:“void”函数返回值
     1>d:\bit\code\linearlists\linearlists\linearlists.c(48): warning C4098: “LinearListPushFront”:“void”函数返回值
     1>d:\bit\code\linearlists\linearlists\linearlists.c(53): warning C4098: “LinearListPushFront”:“void”函数返回值
     1>d:\bit\code\linearlists\linearlists\linearlists.c(66): warning C4098: “LinearListPopFront”:“void”函数返回值
     1>d:\bit\code\linearlists\linearlists\linearlists.c(68): warning C4018: “<”: 有符号/无符号不匹配
     1>d:\bit\code\linearlists\linearlists\linearlists.c(78): warning C4098: “LinearListInsert”:“void”函数返回值
     1>d:\bit\code\linearlists\linearlists\linearlists.c(82): warning C4098: “LinearListInsert”:“void”函数返回值
     1>d:\bit\code\linearlists\linearlists\linearlists.c(95): warning C4098: “LinearListErase”:“void”函数返回值
     1>d:\bit\code\linearlists\linearlists\linearlists.c(97): warning C4018: “<”: 有符号/无符号不匹配
     1>d:\bit\code\linearlists\linearlists\linearlists.c(109): warning C4018: “<”: 有符号/无符号不匹配
     1>d:\bit\code\linearlists\linearlists\linearlists.c(119): warning C4098: “LinearListRemove”:“void”函数返回值
     1>d:\bit\code\linearlists\linearlists\linearlists.c(125): warning C4098: “LinearListRemove”:“void”函数返回值
     1>d:\bit\code\linearlists\linearlists\linearlists.c(133): warning C4098: “LinearListRemoveAll”:“void”函数返回值
     1>d:\bit\code\linearlists\linearlists\linearlists.c(135): warning C4018: “<”: 有符号/无符号不匹配
     1>d:\bit\code\linearlists\linearlists\linearlists.c(168): warning C4018: “<”: 有符号/无符号不匹配
     1>d:\bit\code\linearlists\linearlists\linearlists.c(170): warning C4018: “<”: 有符号/无符号不匹配
     1>d:\bit\code\linearlists\linearlists\linearlists.c(183): warning C4018: “<”: 有符号/无符号不匹配
       Link:
         D:\Microsoft Visual Studio 12.0\VC\bin\link.exe /ERRORREPORT:PROMPT /OUT:"D:\bit\code\LinearListS\Debug\LinearListS.exe" /INCREMENTAL /NOLOGO kernel32.lib user32.lib gdi32.lib winspool.lib comdlg32.lib advapi32.lib shell32.lib ole32.lib oleaut32.lib uuid.lib odbc32.lib odbccp32.lib /MANIFEST /MANIFESTUAC:"level='asInvoker' uiAccess='false'" /manifest:embed /DEBUG /PDB:"D:\bit\code\LinearListS\Debug\LinearListS.pdb" /TLBID:1 /DYNAMICBASE /NXCOMPAT /IMPLIB:"D:\bit\code\LinearListS\Debug\LinearListS.lib" /MACHINE:X86 Debug\LinearListS.obj
         Debug\test.obj
         LinearListS.vcxproj -> D:\bit\code\LinearListS\Debug\LinearListS.exe
     1>已完成生成项目“D:\bit\code\LinearListS\LinearListS\LinearListS.vcxproj”(Build 个目标)的操作。

生成成功。

已用时间 00:00:00.47
