生成启动时间为 2018/4/9 16:47:11。
     1>项目“D:\bit\code\SList\SList\SList.vcxproj”在节点 2 上(Build 个目标)。
     1>ClCompile:
         D:\Microsoft Visual Studio 12.0\VC\bin\CL.exe /c /ZI /nologo /W3 /WX- /sdl /Od /Oy- /D _MBCS /Gm /EHsc /RTC1 /MDd /GS /fp:precise /Zc:wchar_t /Zc:forScope /Fo"Debug\\" /Fd"Debug\vc120.pdb" /Gd /TC /analyze- /errorReport:prompt SList.c
         SList.c
     1>d:\bit\code\slist\slist\slist.c(133): warning C4028: 形参 1 与声明不同
     1>d:\bit\code\slist\slist\slist.c(246): warning C4028: 形参 1 与声明不同
     1>d:\bit\code\slist\slist\slist.c(246): warning C4028: 形参 2 与声明不同
     1>d:\bit\code\slist\slist\slist.c(246): warning C4029: 声明的形参表不同于定义
     1>d:\bit\code\slist\slist\slist.c(251): warning C4098: “SListNodeInsertFront”:“void”函数返回值
     1>d:\bit\code\slist\slist\slist.c(273): warning C4098: “SListJosephCircle”:“void”函数返回值
     1>d:\bit\code\slist\slist\slist.c(289): warning C4047: “函数”:“PNode”与“PNode *”的间接级别不同
     1>d:\bit\code\slist\slist\slist.c(289): warning C4024: “SListErase”: 形参和实参 1 的类型不同
     1>d:\bit\code\slist\slist\slist.c(306): warning C4098: “SListRever”:“void”函数返回值
     1>d:\bit\code\slist\slist\slist.c(381): warning C4098: “BubbleSList”:“void”函数返回值
     1>d:\bit\code\slist\slist\slist.c(413): warning C4098: “SelectSlist”:“void”函数返回值
       Link:
         D:\Microsoft Visual Studio 12.0\VC\bin\link.exe /ERRORREPORT:PROMPT /OUT:"D:\bit\code\SList\Debug\SList.exe" /INCREMENTAL /NOLOGO kernel32.lib user32.lib gdi32.lib winspool.lib comdlg32.lib advapi32.lib shell32.lib ole32.lib oleaut32.lib uuid.lib odbc32.lib odbccp32.lib /MANIFEST /MANIFESTUAC:"level='asInvoker' uiAccess='false'" /manifest:embed /DEBUG /PDB:"D:\bit\code\SList\Debug\SList.pdb" /TLBID:1 /DYNAMICBASE /NXCOMPAT /IMPLIB:"D:\bit\code\SList\Debug\SList.lib" /MACHINE:X86 Debug\SList.obj
         Debug\test.obj
         SList.vcxproj -> D:\bit\code\SList\Debug\SList.exe
     1>已完成生成项目“D:\bit\code\SList\SList\SList.vcxproj”(Build 个目标)的操作。

生成成功。

已用时间 00:00:00.45
